/*C1*/SET SCHEMA PUBLIC
CONNECT USER SA
/*C2*/SET SCHEMA PUBLIC
CONNECT USER SA
/*C3*/SET SCHEMA PUBLIC
CONNECT USER SA
/*C4*/SET SCHEMA PUBLIC
CONNECT USER SA
/*C5*/SET SCHEMA PUBLIC
CONNECT USER SA
INSERT INTO WEATHER VALUES(33,'2011-03-30 14:08:44.097000000','60462')
INSERT INTO ATMOSPHERE VALUES(33,'32','10','30.02','2',33)
INSERT INTO CONDITION VALUES(33,'Partly Cloudy','30','44','Wed, 30 Mar 2011 3:50 pm CDT',33)
INSERT INTO WIND VALUES(32,'41','60','6',33)
DISCONNECT
/*C6*/SET SCHEMA PUBLIC
CONNECT USER SA
INSERT INTO WEATHER VALUES(34,'2011-03-30 14:08:52.877000000','96761')
INSERT INTO ATMOSPHERE VALUES(34,'54','','30.14','0',34)
INSERT INTO CONDITION VALUES(34,'Showers in the Vicinity','30','79','Wed, 30 Mar 2011 9:49 am HST',34)
INSERT INTO WIND VALUES(33,'79','100','7',34)
DISCONNECT
/*C7*/SET SCHEMA PUBLIC
CONNECT USER SA
/*C8*/SET SCHEMA PUBLIC
CONNECT USER SA
DISCONNECT
/*C7*/DISCONNECT
/*C2*/DISCONNECT
/*C3*/DISCONNECT
/*C4*/DISCONNECT
/*C9*/SET SCHEMA PUBLIC
CONNECT USER SA
DISCONNECT
/*C10*/SET SCHEMA PUBLIC
CONNECT USER SA
DISCONNECT
/*C11*/SET SCHEMA PUBLIC
CONNECT USER SA
DISCONNECT
/*C12*/SET SCHEMA PUBLIC
CONNECT USER SA
DISCONNECT
/*C13*/SET SCHEMA PUBLIC
CONNECT USER SA
DISCONNECT
/*C14*/SET SCHEMA PUBLIC
CONNECT USER SA
DISCONNECT
/*C15*/SET SCHEMA PUBLIC
CONNECT USER SA
DISCONNECT
/*C16*/SET SCHEMA PUBLIC
CONNECT USER SA
DISCONNECT
/*C17*/SET SCHEMA PUBLIC
CONNECT USER SA
INSERT INTO WEATHER VALUES(35,'2011-03-30 14:30:09.679000000','44145')
INSERT INTO ATMOSPHERE VALUES(35,'90','0.5','29.96','2',35)
INSERT INTO CONDITION VALUES(35,'Snow/Fog','16','30','Wed, 30 Mar 2011 4:50 pm EDT',35)
INSERT INTO WIND VALUES(34,'20','10','13',35)
DISCONNECT
/*C18*/SET SCHEMA PUBLIC
CONNECT USER SA
/*C19*/SET SCHEMA PUBLIC
CONNECT USER SA
/*C20*/SET SCHEMA PUBLIC
CONNECT USER SA
DISCONNECT
/*C21*/SET SCHEMA PUBLIC
CONNECT USER SA
INSERT INTO WEATHER VALUES(36,'2011-03-30 16:32:32.237000000','98104')
INSERT INTO ATMOSPHERE VALUES(36,'89','10','30.17','2',36)
INSERT INTO CONDITION VALUES(36,'Cloudy','26','52','Wed, 30 Mar 2011 3:52 pm PDT',36)
INSERT INTO WIND VALUES(35,'52','180','9',36)
DISCONNECT
/*C22*/SET SCHEMA PUBLIC
CONNECT USER SA
INSERT INTO WEATHER VALUES(37,'2011-03-30 16:35:27.172000000',NULL)
INSERT INTO LOCATION VALUES('78757','Austin','TX','US')
INSERT INTO ATMOSPHERE VALUES(37,'37','10','29.86','2',37)
INSERT INTO CONDITION VALUES(37,'Mostly Cloudy','28','67','Wed, 30 Mar 2011 5:49 pm CDT',37)
INSERT INTO WIND VALUES(36,'67','0','0',37)
SET AUTOCOMMIT FALSE
DELETE FROM WEATHER WHERE ID=37
INSERT INTO WEATHER VALUES(37,'2011-03-30 16:35:27.172000000','78757')
SET AUTOCOMMIT TRUE
DISCONNECT
/*C23*/SET SCHEMA PUBLIC
CONNECT USER SA
DISCONNECT
/*C24*/SET SCHEMA PUBLIC
CONNECT USER SA
/*C25*/SET SCHEMA PUBLIC
CONNECT USER SA
/*C26*/SET SCHEMA PUBLIC
CONNECT USER SA
DISCONNECT
/*C27*/SET SCHEMA PUBLIC
CONNECT USER SA
INSERT INTO WEATHER VALUES(38,'2011-03-30 17:24:51.884000000','60462')
INSERT INTO ATMOSPHERE VALUES(38,'39','10','29.99','2',38)
INSERT INTO CONDITION VALUES(38,'Fair','34','39','Wed, 30 Mar 2011 6:49 pm CDT',38)
INSERT INTO WIND VALUES(37,'32','50','10',38)
DISCONNECT
/*C28*/SET SCHEMA PUBLIC
CONNECT USER SA
INSERT INTO WEATHER VALUES(39,'2011-03-30 17:24:56.540000000','98104')
INSERT INTO ATMOSPHERE VALUES(39,'86','10','30.17','0',39)
INSERT INTO CONDITION VALUES(39,'Cloudy','26','52','Wed, 30 Mar 2011 4:52 pm PDT',39)
INSERT INTO WIND VALUES(38,'52','200','9',39)
DISCONNECT
/*C25*/DISCONNECT
/*C24*/DISCONNECT
/*C19*/DISCONNECT
/*C18*/DISCONNECT
/*C29*/SET SCHEMA PUBLIC
CONNECT USER SA
DISCONNECT
/*C30*/SET SCHEMA PUBLIC
CONNECT USER SA
INSERT INTO WEATHER VALUES(40,'2011-03-31 09:10:09.209000000','98104')
INSERT INTO ATMOSPHERE VALUES(40,'83','10','30.1','1',40)
INSERT INTO CONDITION VALUES(40,'Cloudy','26','52','Thu, 31 Mar 2011 8:52 am PDT',40)
INSERT INTO WIND VALUES(39,'52','190','17',40)
DISCONNECT
/*C31*/SET SCHEMA PUBLIC
CONNECT USER SA
/*C32*/SET SCHEMA PUBLIC
CONNECT USER SA
/*C33*/SET SCHEMA PUBLIC
CONNECT USER SA
INSERT INTO WEATHER VALUES(41,'2011-03-31 09:12:00.072000000','96761')
INSERT INTO ATMOSPHERE VALUES(41,'80','10','30.1','1',41)
INSERT INTO CONDITION VALUES(41,'Fair','33','62','Thu, 31 Mar 2011 5:55 am HST',41)
INSERT INTO WIND VALUES(40,'62','160','3',41)
DISCONNECT
/*C34*/SET SCHEMA PUBLIC
CONNECT USER SA
INSERT INTO WEATHER VALUES(42,'2011-03-31 09:13:35.443000000','78757')
INSERT INTO ATMOSPHERE VALUES(42,'52','10','29.91','0',42)
INSERT INTO CONDITION VALUES(42,'Fair','34','61','Thu, 31 Mar 2011 10:49 am CDT',42)
INSERT INTO WIND VALUES(41,'61','0','6',42)
DISCONNECT
/*C35*/SET SCHEMA PUBLIC
CONNECT USER SA
/*C36*/SET SCHEMA PUBLIC
CONNECT USER SA
/*C37*/SET SCHEMA PUBLIC
CONNECT USER SA
INSERT INTO WEATHER VALUES(43,'2011-03-31 09:13:53.273000000','44145')
INSERT INTO ATMOSPHERE VALUES(43,'82','9','29.85','0',43)
INSERT INTO CONDITION VALUES(43,'Cloudy','26','35','Thu, 31 Mar 2011 11:49 am EDT',43)
INSERT INTO WIND VALUES(42,'28','320','9',43)
DISCONNECT
/*C38*/SET SCHEMA PUBLIC
CONNECT USER SA
DISCONNECT
/*C39*/SET SCHEMA PUBLIC
CONNECT USER SA
DISCONNECT
/*C40*/SET SCHEMA PUBLIC
CONNECT USER SA
DISCONNECT
/*C41*/SET SCHEMA PUBLIC
CONNECT USER SA
INSERT INTO WEATHER VALUES(44,'2011-03-31 10:36:44.662000000','98104')
INSERT INTO ATMOSPHERE VALUES(44,'83','10','30.11','1',44)
INSERT INTO CONDITION VALUES(44,'Cloudy','26','52','Thu, 31 Mar 2011 9:52 am PDT',44)
INSERT INTO WIND VALUES(43,'52','190','15',44)
DISCONNECT
/*C42*/SET SCHEMA PUBLIC
CONNECT USER SA
/*C43*/SET SCHEMA PUBLIC
CONNECT USER SA
/*C44*/SET SCHEMA PUBLIC
CONNECT USER SA
DISCONNECT
/*C45*/SET SCHEMA PUBLIC
CONNECT USER SA
INSERT INTO WEATHER VALUES(45,'2011-03-31 12:03:52.907000000','98104')
INSERT INTO ATMOSPHERE VALUES(45,'86','10','30.14','1',45)
INSERT INTO CONDITION VALUES(45,'Mostly Cloudy','28','52','Thu, 31 Mar 2011 10:51 am PDT',45)
INSERT INTO WIND VALUES(44,'52','190','14',45)
DISCONNECT
/*C43*/DISCONNECT
/*C42*/DISCONNECT
/*C31*/DISCONNECT
/*C32*/DISCONNECT
/*C36*/DISCONNECT
/*C35*/DISCONNECT
/*C46*/SET SCHEMA PUBLIC
CONNECT USER SA
INSERT INTO WEATHER VALUES(46,'2011-03-31 15:18:00.762000000',NULL)
INSERT INTO LOCATION VALUES('94582','Pleasanton','CA','US')
INSERT INTO ATMOSPHERE VALUES(46,'34','10','30.04','2',46)
INSERT INTO CONDITION VALUES(46,'Fair','34','77','Thu, 31 Mar 2011 2:52 pm PDT',46)
INSERT INTO WIND VALUES(45,'77','70','9',46)
SET AUTOCOMMIT FALSE
DELETE FROM WEATHER WHERE ID=46
INSERT INTO WEATHER VALUES(46,'2011-03-31 15:18:00.762000000','94582')
SET AUTOCOMMIT TRUE
DISCONNECT
/*C47*/SET SCHEMA PUBLIC
CONNECT USER SA
DISCONNECT
/*C48*/SET SCHEMA PUBLIC
CONNECT USER SA
INSERT INTO WEATHER VALUES(47,'2011-03-31 17:02:37.633000000','98104')
INSERT INTO ATMOSPHERE VALUES(47,'72','10','30.19','0',47)
INSERT INTO CONDITION VALUES(47,'Cloudy','26','54','Thu, 31 Mar 2011 3:52 pm PDT',47)
INSERT INTO WIND VALUES(46,'54','190','9',47)
DISCONNECT
/*C49*/SET SCHEMA PUBLIC
CONNECT USER SA
INSERT INTO WEATHER VALUES(48,'2011-03-31 17:02:45.598000000','96761')
INSERT INTO ATMOSPHERE VALUES(48,'51','','30.1','2',48)
INSERT INTO CONDITION VALUES(48,'Partly Cloudy','30','81','Thu, 31 Mar 2011 12:44 pm HST',48)
INSERT INTO WIND VALUES(47,'81','70','17',48)
DISCONNECT
/*C50*/SET SCHEMA PUBLIC
CONNECT USER SA
INSERT INTO WEATHER VALUES(49,'2011-04-01 09:33:04.942000000','98104')
INSERT INTO ATMOSPHERE VALUES(49,'93','2.5','29.98','2',49)
INSERT INTO CONDITION VALUES(49,'Light Rain','11','46','Fri, 01 Apr 2011 9:05 am PDT',49)
INSERT INTO WIND VALUES(48,'46','0','3',49)
DISCONNECT
/*C51*/SET SCHEMA PUBLIC
CONNECT USER SA
INSERT INTO WEATHER VALUES(50,'2011-04-01 09:33:17.924000000','96761')
INSERT INTO ATMOSPHERE VALUES(50,'94','','30.05','0',50)
INSERT INTO CONDITION VALUES(50,'Light Rain Shower','11','68','Fri, 01 Apr 2011 6:08 am HST',50)
INSERT INTO WIND VALUES(49,'68','90','12',50)
DISCONNECT
/*C52*/SET SCHEMA PUBLIC
CONNECT USER SA
INSERT INTO WEATHER VALUES(51,'2011-04-01 09:33:50.441000000','44145')
INSERT INTO ATMOSPHERE VALUES(51,'60','10','29.67','0',51)
INSERT INTO CONDITION VALUES(51,'Mostly Cloudy','28','41','Fri, 01 Apr 2011 11:49 am EDT',51)
INSERT INTO WIND VALUES(50,'34','320','12',51)
DISCONNECT
/*C53*/SET SCHEMA PUBLIC
CONNECT USER SA
INSERT INTO WEATHER VALUES(52,'2011-04-01 10:18:52.851000000','98104')
INSERT INTO ATMOSPHERE VALUES(52,'93','3','29.97','2',52)
INSERT INTO CONDITION VALUES(52,'Light Rain','11','47','Fri, 01 Apr 2011 9:52 am PDT',52)
INSERT INTO WIND VALUES(51,'47','350','3',52)
DISCONNECT
/*C54*/SET SCHEMA PUBLIC
CONNECT USER SA
INSERT INTO WEATHER VALUES(53,'2011-04-01 11:32:15.967000000','98104')
INSERT INTO ATMOSPHERE VALUES(53,'93','2.5','29.96','0',53)
INSERT INTO CONDITION VALUES(53,'Light Rain','11','46','Fri, 01 Apr 2011 10:56 am PDT',53)
INSERT INTO WIND VALUES(52,'46','0','0',53)
DISCONNECT
/*C55*/SET SCHEMA PUBLIC
CONNECT USER SA
/*C56*/SET SCHEMA PUBLIC
CONNECT USER SA
/*C57*/SET SCHEMA PUBLIC
CONNECT USER SA
/*C58*/SET SCHEMA PUBLIC
CONNECT USER SA
